
> storybook@0.1.0 build-storybook
> storybook build --output-dir /tmp/chromatic--7247-F10jRT3B9q0P

@storybook/cli v8.0.5

info => Cleaning outputDir: ../../../../../../../tmp/chromatic--7247-F10jRT3B9q0P
info => Loading presets
info => Building manager..
info => Manager built (294 ms)
info => Building preview..
info => Using implicit CSS loaders
info => Copying static files: public at ../../../../../../../tmp/chromatic--7247-F10jRT3B9q0P
info => Using SWC as compiler
info => Using default Webpack5 setup
WARN asset size limit: The following asset(s) exceed the recommended size limit (244 KiB).
WARN This can impact web performance.
WARN Assets: 
WARN   609.e778bcba.iframe.bundle.js (472 KiB)
WARN   764.902a0d80.iframe.bundle.js (904 KiB)
WARN   282.bbeca6c5.iframe.bundle.js (921 KiB)
WARN entrypoint size limit: The following entrypoint(s) combined asset size exceeds the recommended limit (244 KiB). This can impact web performance.
WARN Entrypoints:
WARN   main (929 KiB)
WARN       runtime~main.377f7979.iframe.bundle.js
WARN       282.bbeca6c5.iframe.bundle.js
WARN       main.99d829b9.iframe.bundle.js
WARN 
info => Preview built (7.65 s)
info => Output directory: /tmp/chromatic--7247-F10jRT3B9q0P
